<?xml version="1.0" encoding="UTF-8"?>
<!-- Generated by org.testng.reporters.JUnitReportReporter -->
<testsuite skipped="0" hostname="Manita-PC" name="selniumexample.DropdownBox" tests="1" failures="0" timestamp="05 Aug 2018 21:51:56 GMT" time="7.294" errors="0">
  <testcase name="dropdownExample" time="7.294" classname="selniumexample.DropdownBox"/>
</testsuite> <!-- selniumexample.DropdownBox -->
