<?xml version="1.0" encoding="UTF-8"?>
<!-- Generated by org.testng.reporters.JUnitReportReporter -->
<testsuite skipped="0" hostname="Manita-PC" name="selniumexample.MouseHoverExample" tests="1" failures="0" timestamp="04 Aug 2018 02:22:57 GMT" time="14.194" errors="0">
  <testcase name="mouseHoverAction" time="14.194" classname="selniumexample.MouseHoverExample"/>
</testsuite> <!-- selniumexample.MouseHoverExample -->
