<?xml version="1.0" encoding="UTF-8"?>
<!-- Generated by org.testng.reporters.JUnitReportReporter -->
<testsuite skipped="0" hostname="Manita-PC" name="selniumexample.ScreenShotExample" tests="1" failures="0" timestamp="04 Aug 2018 01:43:40 GMT" time="6.819" errors="0">
  <testcase name="takeScreenShot" time="6.819" classname="selniumexample.ScreenShotExample"/>
</testsuite> <!-- selniumexample.ScreenShotExample -->
