<?xml version="1.0" encoding="UTF-8"?>
<!-- Generated by org.testng.reporters.JUnitReportReporter -->
<testsuite skipped="0" hostname="Manita-PC" name="testngpackage.TestNg" tests="1" failures="0" timestamp="20 Jun 2018 03:41:58 GMT" time="9.580" errors="0">
  <testcase name="firstTestNgFile" time="9.580" classname="testngpackage.TestNg"/>
</testsuite> <!-- testngpackage.TestNg -->
